<?xml version="1.0" encoding="UTF-8"?>
<testsuite xmlns:xsi="http://www.w3.org/2001/XMLSchema-instance" xsi:noNamespaceSchemaLocation="https://maven.apache.org/surefire/maven-surefire-plugin/xsd/surefire-test-report.xsd" name="org.jpmml.lightgbm.LightGBMUtilTest" time="0.001" tests="2" errors="0" skipped="0" failures="0">
  <properties>
    <property name="java.specification.version" value="16"/>
    <property name="sun.jnu.encoding" value="UTF-8"/>
    <property name="java.class.path" value="/Users/fujingnan/jpmml-lightgbm/target/test-classes:/Users/fujingnan/jpmml-lightgbm/target/classes:/Users/fujingnan/.m2/repository/com/beust/jcommander/1.72/jcommander-1.72.jar:/Users/fujingnan/.m2/repository/org/jpmml/jpmml-converter/1.4.8/jpmml-converter-1.4.8.jar:/Users/fujingnan/.m2/repository/com/google/guava/guava/21.0/guava-21.0.jar:/Users/fujingnan/.m2/repository/org/jpmml/pmml-model/1.5.15/pmml-model-1.5.15.jar:/Users/fujingnan/.m2/repository/org/jpmml/pmml-agent/1.5.15/pmml-agent-1.5.15.jar:/Users/fujingnan/.m2/repository/org/jpmml/pmml-model-metro/1.5.15/pmml-model-metro-1.5.15.jar:/Users/fujingnan/.m2/repository/org/glassfish/jaxb/jaxb-runtime/2.3.3/jaxb-runtime-2.3.3.jar:/Users/fujingnan/.m2/repository/jakarta/xml/bind/jakarta.xml.bind-api/2.3.3/jakarta.xml.bind-api-2.3.3.jar:/Users/fujingnan/.m2/repository/com/sun/istack/istack-commons-runtime/3.0.11/istack-commons-runtime-3.0.11.jar:/Users/fujingnan/.m2/repository/com/sun/activation/jakarta.activation/1.2.2/jakarta.activation-1.2.2.jar:/Users/fujingnan/.m2/repository/org/slf4j/slf4j-api/1.7.30/slf4j-api-1.7.30.jar:/Users/fujingnan/.m2/repository/org/slf4j/slf4j-jdk14/1.7.30/slf4j-jdk14-1.7.30.jar:/Users/fujingnan/.m2/repository/junit/junit/4.13.2/junit-4.13.2.jar:/Users/fujingnan/.m2/repository/org/hamcrest/hamcrest-core/1.3/hamcrest-core-1.3.jar:/Users/fujingnan/.m2/repository/org/jpmml/pmml-evaluator-testing/1.5.15/pmml-evaluator-testing-1.5.15.jar:/Users/fujingnan/.m2/repository/org/jpmml/pmml-evaluator/1.5.15/pmml-evaluator-1.5.15.jar:/Users/fujingnan/.m2/repository/org/apache/commons/commons-math3/3.6.1/commons-math3-3.6.1.jar:/Users/fujingnan/.m2/repository/org/jpmml/pmml-evaluator-extension/1.5.15/pmml-evaluator-extension-1.5.15.jar:/Users/fujingnan/.m2/repository/org/jpmml/pmml-evaluator-kryo/1.5.15/pmml-evaluator-kryo-1.5.15.jar:/Users/fujingnan/.m2/repository/org/jpmml/pmml-model-kryo/1.5.15/pmml-model-kryo-1.5.15.jar:/Users/fujingnan/.m2/repository/com/esotericsoftware/kryo/5.2.1-SNAPSHOT/kryo-5.2.1-SNAPSHOT.jar:/Users/fujingnan/.m2/repository/com/esotericsoftware/reflectasm/1.11.9/reflectasm-1.11.9.jar:/Users/fujingnan/.m2/repository/org/objenesis/objenesis/3.2/objenesis-3.2.jar:/Users/fujingnan/.m2/repository/com/esotericsoftware/minlog/1.3.1/minlog-1.3.1.jar:/Users/fujingnan/.m2/repository/de/javakaffee/kryo-serializers/0.45/kryo-serializers-0.45.jar:/Users/fujingnan/.m2/repository/org/jpmml/pmml-evaluator-metro/1.5.15/pmml-evaluator-metro-1.5.15.jar:/Users/fujingnan/.m2/repository/org/jpmml/pmml-evaluator-moxy/1.5.15/pmml-evaluator-moxy-1.5.15.jar:/Users/fujingnan/.m2/repository/org/jpmml/pmml-model-moxy/1.5.15/pmml-model-moxy-1.5.15.jar:/Users/fujingnan/.m2/repository/org/eclipse/persistence/org.eclipse.persistence.moxy/2.7.8/org.eclipse.persistence.moxy-2.7.8.jar:/Users/fujingnan/.m2/repository/org/eclipse/persistence/org.eclipse.persistence.core/2.7.8/org.eclipse.persistence.core-2.7.8.jar:/Users/fujingnan/.m2/repository/org/eclipse/persistence/org.eclipse.persistence.asm/2.7.8/org.eclipse.persistence.asm-2.7.8.jar:"/>
    <property name="java.vm.vendor" value="Oracle Corporation"/>
    <property name="sun.arch.data.model" value="64"/>
    <property name="java.vendor.url" value="https://java.oracle.com/"/>
    <property name="os.name" value="Mac OS X"/>
    <property name="java.vm.specification.version" value="16"/>
    <property name="sun.java.launcher" value="SUN_STANDARD"/>
    <property name="user.country" value="CN"/>
    <property name="sun.boot.library.path" value="/Library/Java/JavaVirtualMachines/jdk-16.0.2.jdk/Contents/Home/lib"/>
    <property name="sun.java.command" value="/Users/fujingnan/jpmml-lightgbm/target/surefire/surefirebooter16700647518001698954.jar /Users/fujingnan/jpmml-lightgbm/target/surefire 2021-08-11T16-11-24_558-jvmRun1 surefire16976795854898544011tmp surefire_013614849076736525713tmp"/>
    <property name="http.nonProxyHosts" value="local|*.local|169.254/16|*.169.254/16"/>
    <property name="jdk.debug" value="release"/>
    <property name="surefire.test.class.path" value="/Users/fujingnan/jpmml-lightgbm/target/test-classes:/Users/fujingnan/jpmml-lightgbm/target/classes:/Users/fujingnan/.m2/repository/com/beust/jcommander/1.72/jcommander-1.72.jar:/Users/fujingnan/.m2/repository/org/jpmml/jpmml-converter/1.4.8/jpmml-converter-1.4.8.jar:/Users/fujingnan/.m2/repository/com/google/guava/guava/21.0/guava-21.0.jar:/Users/fujingnan/.m2/repository/org/jpmml/pmml-model/1.5.15/pmml-model-1.5.15.jar:/Users/fujingnan/.m2/repository/org/jpmml/pmml-agent/1.5.15/pmml-agent-1.5.15.jar:/Users/fujingnan/.m2/repository/org/jpmml/pmml-model-metro/1.5.15/pmml-model-metro-1.5.15.jar:/Users/fujingnan/.m2/repository/org/glassfish/jaxb/jaxb-runtime/2.3.3/jaxb-runtime-2.3.3.jar:/Users/fujingnan/.m2/repository/jakarta/xml/bind/jakarta.xml.bind-api/2.3.3/jakarta.xml.bind-api-2.3.3.jar:/Users/fujingnan/.m2/repository/com/sun/istack/istack-commons-runtime/3.0.11/istack-commons-runtime-3.0.11.jar:/Users/fujingnan/.m2/repository/com/sun/activation/jakarta.activation/1.2.2/jakarta.activation-1.2.2.jar:/Users/fujingnan/.m2/repository/org/slf4j/slf4j-api/1.7.30/slf4j-api-1.7.30.jar:/Users/fujingnan/.m2/repository/org/slf4j/slf4j-jdk14/1.7.30/slf4j-jdk14-1.7.30.jar:/Users/fujingnan/.m2/repository/junit/junit/4.13.2/junit-4.13.2.jar:/Users/fujingnan/.m2/repository/org/hamcrest/hamcrest-core/1.3/hamcrest-core-1.3.jar:/Users/fujingnan/.m2/repository/org/jpmml/pmml-evaluator-testing/1.5.15/pmml-evaluator-testing-1.5.15.jar:/Users/fujingnan/.m2/repository/org/jpmml/pmml-evaluator/1.5.15/pmml-evaluator-1.5.15.jar:/Users/fujingnan/.m2/repository/org/apache/commons/commons-math3/3.6.1/commons-math3-3.6.1.jar:/Users/fujingnan/.m2/repository/org/jpmml/pmml-evaluator-extension/1.5.15/pmml-evaluator-extension-1.5.15.jar:/Users/fujingnan/.m2/repository/org/jpmml/pmml-evaluator-kryo/1.5.15/pmml-evaluator-kryo-1.5.15.jar:/Users/fujingnan/.m2/repository/org/jpmml/pmml-model-kryo/1.5.15/pmml-model-kryo-1.5.15.jar:/Users/fujingnan/.m2/repository/com/esotericsoftware/kryo/5.2.1-SNAPSHOT/kryo-5.2.1-SNAPSHOT.jar:/Users/fujingnan/.m2/repository/com/esotericsoftware/reflectasm/1.11.9/reflectasm-1.11.9.jar:/Users/fujingnan/.m2/repository/org/objenesis/objenesis/3.2/objenesis-3.2.jar:/Users/fujingnan/.m2/repository/com/esotericsoftware/minlog/1.3.1/minlog-1.3.1.jar:/Users/fujingnan/.m2/repository/de/javakaffee/kryo-serializers/0.45/kryo-serializers-0.45.jar:/Users/fujingnan/.m2/repository/org/jpmml/pmml-evaluator-metro/1.5.15/pmml-evaluator-metro-1.5.15.jar:/Users/fujingnan/.m2/repository/org/jpmml/pmml-evaluator-moxy/1.5.15/pmml-evaluator-moxy-1.5.15.jar:/Users/fujingnan/.m2/repository/org/jpmml/pmml-model-moxy/1.5.15/pmml-model-moxy-1.5.15.jar:/Users/fujingnan/.m2/repository/org/eclipse/persistence/org.eclipse.persistence.moxy/2.7.8/org.eclipse.persistence.moxy-2.7.8.jar:/Users/fujingnan/.m2/repository/org/eclipse/persistence/org.eclipse.persistence.core/2.7.8/org.eclipse.persistence.core-2.7.8.jar:/Users/fujingnan/.m2/repository/org/eclipse/persistence/org.eclipse.persistence.asm/2.7.8/org.eclipse.persistence.asm-2.7.8.jar:"/>
    <property name="sun.cpu.endian" value="little"/>
    <property name="user.home" value="/Users/fujingnan"/>
    <property name="user.language" value="zh"/>
    <property name="java.specification.vendor" value="Oracle Corporation"/>
    <property name="java.version.date" value="2021-07-20"/>
    <property name="java.home" value="/Library/Java/JavaVirtualMachines/jdk-16.0.2.jdk/Contents/Home"/>
    <property name="file.separator" value="/"/>
    <property name="basedir" value="/Users/fujingnan/jpmml-lightgbm"/>
    <property name="java.vm.compressedOopsMode" value="Zero based"/>
    <property name="line.separator" value="&#10;"/>
    <property name="java.specification.name" value="Java Platform API Specification"/>
    <property name="java.vm.specification.vendor" value="Oracle Corporation"/>
    <property name="surefire.real.class.path" value="/Users/fujingnan/jpmml-lightgbm/target/surefire/surefirebooter16700647518001698954.jar"/>
    <property name="user.script" value="Hans"/>
    <property name="sun.management.compiler" value="HotSpot 64-Bit Tiered Compilers"/>
    <property name="ftp.nonProxyHosts" value="local|*.local|169.254/16|*.169.254/16"/>
    <property name="java.runtime.version" value="16.0.2+7-67"/>
    <property name="user.name" value="fujingnan"/>
    <property name="path.separator" value=":"/>
    <property name="os.version" value="11.3"/>
    <property name="java.runtime.name" value="Java(TM) SE Runtime Environment"/>
    <property name="file.encoding" value="UTF-8"/>
    <property name="java.vm.name" value="Java HotSpot(TM) 64-Bit Server VM"/>
    <property name="localRepository" value="/Users/fujingnan/.m2/repository"/>
    <property name="java.vendor.url.bug" value="https://bugreport.java.com/bugreport/"/>
    <property name="java.io.tmpdir" value="/var/folders/dc/3zgcx2113c37zlhr9dq2rkj80000gp/T/"/>
    <property name="java.version" value="16.0.2"/>
    <property name="user.dir" value="/Users/fujingnan/jpmml-lightgbm"/>
    <property name="os.arch" value="x86_64"/>
    <property name="java.vm.specification.name" value="Java Virtual Machine Specification"/>
    <property name="java.library.path" value="/Users/fujingnan/Library/Java/Extensions:/Library/Java/Extensions:/Network/Library/Java/Extensions:/System/Library/Java/Extensions:/usr/lib/java:."/>
    <property name="java.vm.info" value="mixed mode, sharing"/>
    <property name="java.vendor" value="Oracle Corporation"/>
    <property name="java.vm.version" value="16.0.2+7-67"/>
    <property name="sun.io.unicode.encoding" value="UnicodeBig"/>
    <property name="socksNonProxyHosts" value="local|*.local|169.254/16|*.169.254/16"/>
    <property name="java.class.version" value="60.0"/>
  </properties>
  <testcase name="unescape" classname="org.jpmml.lightgbm.LightGBMUtilTest" time="0"/>
  <testcase name="parseInterval" classname="org.jpmml.lightgbm.LightGBMUtilTest" time="0"/>
</testsuite>